2024-03-14 20:46:09 Insert Success
2024-03-14 20:46:09 Insert Success
2024-03-14 20:46:09 Insert Success
2024-03-14 20:47:31 Insert Success
2024-03-14 20:47:31 Insert Success
2024-03-14 20:47:31 Insert Success
2024-03-14 20:47:34 Insert Failure
2024-03-14 20:47:34 Insert Success
2024-03-14 20:47:34 Insert Success
2024-03-14 20:47:34 Insert Success
2024-03-14 20:47:34 Insert Success
2024-03-14 20:47:34 Insert Success
2024-03-14 20:47:34 Insert Success
2024-03-14 20:47:34 Insert Success
2024-03-14 20:50:13 Insert Success
2024-03-14 20:50:16 Insert Failure
2024-03-14 20:50:16 Update name Failure
2024-03-14 20:50:16 Print All Starlight Sonata 12
2024-03-14 20:50:16 Print Amount 12
2024-03-14 20:51:32 Insert Success
2024-03-14 20:51:34 Insert Failure
2024-03-14 20:52:48 Insert Success
2024-03-14 20:52:57 Insert Success
2024-03-14 20:53:33 Insert Failure
2024-03-14 20:53:33 Insert Failure
2024-03-14 20:53:33 Insert Failure
2024-03-14 20:53:33 Insert Failure
2024-03-14 20:53:33 Insert Failure
2024-03-14 20:53:33 Insert Failure
2024-03-14 20:53:33 Insert Failure
2024-03-14 20:53:33 Insert Failure
2024-03-14 20:53:33 Insert Failure
2024-03-14 20:53:33 Insert Failure
2024-03-14 20:53:33 Insert Failure
2024-03-14 20:53:33 Delete Failure
2024-03-14 20:53:33 Update copies Failure
2024-03-14 20:53:33 Update copies Failure
2024-03-14 20:53:33 Delete Failure
2024-03-14 20:53:33 Update name Failure
2024-03-14 20:54:48 Insert Success
2024-03-14 20:54:48 Insert Success
2024-03-14 20:54:48 Insert Success
2024-03-14 20:54:51 Insert Success
2024-03-14 20:54:51 Insert Success
2024-03-14 20:54:51 Insert Success
2024-03-14 20:54:51 Insert Success
2024-03-14 20:54:51 Insert Success
2024-03-14 20:54:51 Insert Success
2024-03-14 20:54:51 Insert Success
2024-03-14 20:54:51 Insert Success
2024-03-14 20:54:54 Delete Failure
2024-03-14 20:54:54 Update copies Failure
2024-03-14 20:54:57 Update copies Success
2024-03-14 20:55:00 Delete Success
2024-03-14 20:55:01 Update name Success
2024-03-14 20:57:13 Insert Success
2024-03-14 20:57:14 Insert Success
2024-03-14 20:57:15 Insert Success
2024-03-14 20:57:36 Insert Success
2024-03-14 20:57:36 Insert Success
2024-03-14 20:57:36 Insert Success
2024-03-14 20:57:39 Insert Success
2024-03-14 20:57:39 Insert Success
2024-03-14 20:57:39 Insert Success
2024-03-14 20:57:39 Insert Success
2024-03-14 20:57:39 Insert Success
2024-03-14 20:57:39 Insert Success
2024-03-14 20:57:39 Insert Success
2024-03-14 20:57:39 Insert Success
2024-03-14 20:57:43 Delete Failure
2024-03-14 20:57:43 Update copies Failure
2024-03-14 20:57:55 Update copies Success
2024-03-14 20:58:06 Delete Success
